2024-01-20 10:00:00,000 - INFO - TruthLens Phase 3 Evidence Retrieval System starting up
2024-01-20 10:00:01,000 - INFO - Loading configuration from config/settings.yaml
2024-01-20 10:00:02,000 - INFO - Initializing database connections
2024-01-20 10:00:03,000 - INFO - Connecting to PostgreSQL vector database at localhost:5432
2024-01-20 10:00:04,000 - INFO - Successfully connected to PostgreSQL database 'truthlens'
2024-01-20 10:00:05,000 - INFO - Connecting to Redis cache at localhost:6379
2024-01-20 10:00:06,000 - INFO - Successfully connected to Redis cache
2024-01-20 10:00:07,000 - INFO - Loading ML models
2024-01-20 10:00:08,000 - INFO - Loading embeddings model: intfloat/multilingual-e5-large
2024-01-20 10:00:15,000 - INFO - Successfully loaded embeddings model (7.0s)
2024-01-20 10:00:16,000 - INFO - Loading reranker model: BAAI/bge-reranker-v2-m3
2024-01-20 10:00:22,000 - INFO - Successfully loaded reranker model (6.0s)
2024-01-20 10:00:23,000 - INFO - Loading NLI model: microsoft/DialoGPT-medium
2024-01-20 10:00:28,000 - INFO - Successfully loaded NLI model (5.0s)
2024-01-20 10:00:29,000 - INFO - Loading chunking model: sentence-transformers/all-MiniLM-L6-v2
2024-01-20 10:00:32,000 - INFO - Successfully loaded chunking model (3.0s)
2024-01-20 10:00:33,000 - INFO - All ML models loaded successfully
2024-01-20 10:00:34,000 - INFO - Starting FastAPI server on 0.0.0.0:8000
2024-01-20 10:00:35,000 - INFO - Server started successfully
2024-01-20 10:00:36,000 - INFO - Evidence retrieval system ready for requests

2024-01-20 10:05:12,000 - INFO - Received evidence retrieval request for claim: "Climate change is caused by human activities"
2024-01-20 10:05:13,000 - INFO - Processing retrieval query: max_results=10, min_relevance=0.7, sources=['fact_check', 'academic', 'government']
2024-01-20 10:05:14,000 - INFO - Checking cache for claim hash: 8f7d3b2a1c9e4f5d6a7b8c9d0e1f2a3b
2024-01-20 10:05:15,000 - INFO - Cache miss, proceeding with fresh retrieval
2024-01-20 10:05:16,000 - INFO - Starting multi-source evidence retrieval
2024-01-20 10:05:17,000 - INFO - Querying fact-checking sources
2024-01-20 10:05:18,000 - INFO - Querying PIB fact-check database
2024-01-20 10:05:19,000 - INFO - Found 5 relevant fact-check articles from PIB
2024-01-20 10:05:20,000 - INFO - Querying PolitiFact database
2024-01-20 10:05:21,000 - INFO - Found 3 relevant fact-check articles from PolitiFact
2024-01-20 10:05:22,000 - INFO - Querying BOOM fact-check database
2024-01-20 10:05:23,000 - INFO - Found 2 relevant fact-check articles from BOOM
2024-01-20 10:05:24,000 - INFO - Querying academic sources
2024-01-20 10:05:25,000 - INFO - Searching arXiv for climate change research papers
2024-01-20 10:05:26,000 - INFO - Found 8 relevant research papers from arXiv
2024-01-20 10:05:27,000 - INFO - Searching PubMed for climate change studies
2024-01-20 10:05:28,000 - INFO - Found 6 relevant studies from PubMed
2024-01-20 10:05:29,000 - INFO - Querying government sources
2024-01-20 10:05:30,000 - INFO - Searching NASA climate data
2024-01-20 10:05:31,000 - INFO - Found 4 relevant government reports from NASA
2024-01-20 10:05:32,000 - INFO - Searching NOAA climate information
2024-01-20 10:05:33,000 - INFO - Found 3 relevant government reports from NOAA
2024-01-20 10:05:34,000 - INFO - Multi-source retrieval completed: 31 total evidence found
2024-01-20 10:05:35,000 - INFO - Starting evidence processing pipeline
2024-01-20 10:05:36,000 - INFO - Processing 31 raw evidence items
2024-01-20 10:05:37,000 - INFO - Text cleaning and normalization started
2024-01-20 10:05:38,000 - INFO - Text cleaning completed for 31 evidence items
2024-01-20 10:05:39,000 - INFO - Starting semantic text chunking
2024-01-20 10:05:40,000 - INFO - Chunking completed: 124 chunks created from 31 evidence items
2024-01-20 10:05:41,000 - INFO - Generating embeddings for 124 text chunks
2024-01-20 10:05:42,000 - INFO - Embeddings generation completed (1.0s)
2024-01-20 10:05:43,000 - INFO - Starting NLI classification for claim-evidence relationships
2024-01-20 10:05:44,000 - INFO - NLI classification completed: 25 supports, 4 refutes, 2 neutral
2024-01-20 10:05:45,000 - INFO - Calculating evidence quality scores
2024-01-20 10:05:46,000 - INFO - Quality scoring completed for 31 evidence items
2024-01-20 10:05:47,000 - INFO - Starting evidence deduplication
2024-01-20 10:05:48,000 - INFO - Deduplication completed: 31 -> 28 unique evidence items
2024-01-20 10:05:49,000 - INFO - Starting evidence reranking
2024-01-20 10:05:50,000 - INFO - Reranking completed using BGE-reranker-v2-m3
2024-01-20 10:05:51,000 - INFO - Evidence processing pipeline completed (16.0s)
2024-01-20 10:05:52,000 - INFO - Caching retrieval results for future requests
2024-01-20 10:05:53,000 - INFO - Retrieval request completed successfully (41.0s)
2024-01-20 10:05:54,000 - INFO - Returning 10 evidence items with relevance scores >= 0.7

2024-01-20 10:15:23,000 - INFO - Received evidence retrieval request for claim: "Vaccines cause autism"
2024-01-20 10:15:24,000 - INFO - Processing retrieval query: max_results=10, min_relevance=0.7, sources=['fact_check', 'academic', 'government']
2024-01-20 10:15:25,000 - INFO - Checking cache for claim hash: 1a2b3c4d5e6f7g8h9i0j1k2l3m4n5o6p
2024-01-20 10:15:26,000 - INFO - Cache hit! Serving results from cache
2024-01-20 10:15:27,000 - INFO - Cache hit response time: 3.0s

2024-01-20 10:25:45,000 - INFO - Received evidence retrieval request for claim: "The Earth is flat"
2024-01-20 10:25:46,000 - INFO - Processing retrieval query: max_results=10, min_relevance=0.7, sources=['fact_check', 'academic', 'government']
2024-01-20 10:25:47,000 - INFO - Cache miss, proceeding with fresh retrieval
2024-01-20 10:25:48,000 - INFO - Starting multi-source evidence retrieval
2024-01-20 10:25:49,000 - INFO - Querying fact-checking sources
2024-01-20 10:25:50,000 - INFO - Querying PIB fact-check database
2024-01-20 10:25:51,000 - INFO - Found 3 relevant fact-check articles from PIB
2024-01-20 10:25:52,000 - INFO - Querying PolitiFact database
2024-01-20 10:25:53,000 - INFO - Found 2 relevant fact-check articles from PolitiFact
2024-01-20 10:25:54,000 - INFO - Querying BOOM fact-check database
2024-01-20 10:25:55,000 - INFO - Found 1 relevant fact-check article from BOOM
2024-01-20 10:25:56,000 - INFO - Querying academic sources
2024-01-20 10:25:57,000 - INFO - Searching arXiv for Earth shape research
2024-01-20 10:25:58,000 - INFO - Found 5 relevant research papers from arXiv
2024-01-20 10:25:59,000 - INFO - Searching PubMed for Earth shape studies
2024-01-20 10:25:60,000 - INFO - Found 2 relevant studies from PubMed
2024-01-20 10:25:61,000 - INFO - Querying government sources
2024-01-20 10:25:62,000 - INFO - Searching NASA Earth science data
2024-01-20 10:25:63,000 - INFO - Found 4 relevant government reports from NASA
2024-01-20 10:25:64,000 - INFO - Searching NOAA Earth science information
2024-01-20 10:25:65,000 - INFO - Found 3 relevant government reports from NOAA
2024-01-20 10:25:66,000 - INFO - Multi-source retrieval completed: 20 total evidence found
2024-01-20 10:25:67,000 - INFO - Starting evidence processing pipeline
2024-01-20 10:25:68,000 - INFO - Processing 20 raw evidence items
2024-01-20 10:25:69,000 - INFO - Text cleaning and normalization started
2024-01-20 10:25:70,000 - INFO - Text cleaning completed for 20 evidence items
2024-01-20 10:25:71,000 - INFO - Starting semantic text chunking
2024-01-20 10:25:72,000 - INFO - Chunking completed: 78 chunks created from 20 evidence items
2024-01-20 10:25:73,000 - INFO - Generating embeddings for 78 text chunks
2024-01-20 10:25:74,000 - INFO - Embeddings generation completed (0.6s)
2024-01-20 10:25:75,000 - INFO - Starting NLI classification for claim-evidence relationships
2024-01-20 10:25:76,000 - INFO - NLI classification completed: 0 supports, 20 refutes, 0 neutral
2024-01-20 10:25:77,000 - INFO - Calculating evidence quality scores
2024-01-20 10:25:78,000 - INFO - Quality scoring completed for 20 evidence items
2024-01-20 10:25:79,000 - INFO - Starting evidence deduplication
2024-01-20 10:25:80,000 - INFO - Deduplication completed: 20 -> 18 unique evidence items
2024-01-20 10:25:81,000 - INFO - Starting evidence reranking
2024-01-20 10:25:82,000 - INFO - Reranking completed using BGE-reranker-v2-m3
2024-01-20 10:25:83,000 - INFO - Evidence processing pipeline completed (16.0s)
2024-01-20 10:25:84,000 - INFO - Caching retrieval results for future requests
2024-01-20 10:25:85,000 - INFO - Retrieval request completed successfully (40.0s)
2024-01-20 10:25:86,000 - INFO - Returning 10 evidence items with relevance scores >= 0.7

2024-01-20 11:00:00,000 - INFO - Starting scheduled cache refresh job
2024-01-20 11:00:01,000 - INFO - Checking cache for stale entries
2024-01-20 11:00:02,000 - INFO - Found 15 cache entries older than 24 hours
20244-01-20 11:00:03,000 - INFO - Refreshing 15 stale cache entries
2024-01-20 11:00:04,000 - INFO - Cache refresh job completed (3.0s)

2024-01-20 12:00:00,000 - INFO - Starting scheduled evidence processing job
2024-01-20 12:00:01,000 - INFO - Processing batch of 50 raw evidence items
2024-01-20 12:00:02,000 - INFO - Batch processing started with 4 workers
2024-01-20 12:00:03,000 - INFO - Worker 1: Processing evidence items 1-12
2024-01-20 12:00:04,000 - INFO - Worker 2: Processing evidence items 13-25
2024-01-20 12:00:05,000 - INFO - Worker 3: Processing evidence items 26-37
2024-01-20 12:00:06,000 - INFO - Worker 4: Processing evidence items 38-50
2024-01-20 12:00:07,000 - INFO - Worker 1: Completed processing 12 evidence items
2024-01-20 12:00:08,000 - INFO - Worker 2: Completed processing 13 evidence items
2024-01-20 12:00:09,000 - INFO - Worker 3: Completed processing 12 evidence items
2024-01-20 12:00:10,000 - INFO - Worker 4: Completed processing 13 evidence items
2024-01-20 12:00:11,000 - INFO - All workers completed successfully
2024-01-20 12:00:12,000 - INFO - Batch processing completed: 50/50 evidence items processed (11.0s)
2024-01-20 12:00:13,000 - INFO - Updating vector database with new embeddings
2024-01-20 12:00:14,000 - INFO - Vector database update completed
2024-01-20 12:00:15,000 - INFO - Scheduled evidence processing job completed (15.0s)

2024-01-20 13:00:00,000 - INFO - Starting scheduled model update check
2024-01-20 13:00:01,000 - INFO - Checking for model updates from HuggingFace
2024-01-20 13:00:02,000 - INFO - No model updates available
2024-01-20 13:00:03,000 - INFO - Model update check completed (2.0s)

2024-01-20 14:00:00,000 - INFO - Starting scheduled database maintenance
2024-01-20 14:00:01,000 - INFO - Running database optimization queries
2024-01-20 14:00:02,000 - INFO - Updating vector database statistics
2024-01-20 14:00:03,000 - INFO - Cleaning up old log files
2024-01-20 14:00:04,000 - INFO - Database maintenance completed (3.0s)

2024-01-20 15:30:12,000 - WARNING - Rate limit exceeded for domain: example.com (15 requests in 1 minute)
2024-01-20 15:30:13,000 - WARNING - Backing off for 60 seconds before retrying
2024-01-20 15:30:14,000 - INFO - Rate limit backoff completed, resuming requests

2024-01-20 16:45:23,000 - ERROR - Failed to connect to Wikipedia API: Connection timeout
2024-01-20 16:45:24,000 - WARNING - Falling back to cached Wikipedia data
2024-01-20 16:45:25,000 - INFO - Successfully retrieved cached Wikipedia data

2024-01-20 17:20:45,000 - INFO - Received evidence retrieval request for claim: "Renewable energy is more expensive than fossil fuels"
2024-01-20 17:20:46,000 - INFO - Processing retrieval query: max_results=15, min_relevance=0.6, sources=['academic', 'government', 'news']
2024-01-20 17:20:47,000 - INFO - Cache miss, proceeding with fresh retrieval
2024-01-20 17:20:48,000 - INFO - Starting multi-source evidence retrieval
2024-01-20 17:20:49,000 - INFO - Querying academic sources
2024-01-20 17:20:50,000 - INFO - Searching arXiv for renewable energy economics
2024-01-20 17:20:51,000 - INFO - Found 12 relevant research papers from arXiv
2024-01-20 17:20:52,000 - INFO - Searching PubMed for energy cost studies
2024-01-20 17:20:53,000 - INFO - Found 8 relevant studies from PubMed
2024-01-20 17:20:54,000 - INFO - Querying government sources
2024-01-20 17:20:55,000 - INFO - Searching DOE energy cost data
2024-01-20 17:20:56,000 - INFO - Found 6 relevant government reports from DOE
2024-01-20 17:20:57,000 - INFO - Searching EIA energy cost information
2024-01-20 17:20:58,000 - INFO - Found 5 relevant government reports from EIA
2024-01-20 17:20:59,000 - INFO - Querying news sources
2024-01-20 17:20:60,000 - INFO - Searching Reuters for renewable energy news
2024-01-20 17:20:61,000 - INFO - Found 10 relevant news articles from Reuters
2024-01-20 17:20:62,000 - INFO - Searching AP for renewable energy news
2024-01-20 17:20:63,000 - INFO - Found 8 relevant news articles from AP
2024-01-20 17:20:64,000 - INFO - Multi-source retrieval completed: 49 total evidence found
2024-01-20 17:20:65,000 - INFO - Starting evidence processing pipeline
2024-01-20 17:20:66,000 - INFO - Processing 49 raw evidence items
2024-01-20 17:20:67,000 - INFO - Text cleaning and normalization started
2024-01-20 17:20:68,000 - INFO - Text cleaning completed for 49 evidence items
2024-01-20 17:20:69,000 - INFO - Starting semantic text chunking
2024-01-20 17:20:70,000 - INFO - Chunking completed: 187 chunks created from 49 evidence items
2024-01-20 17:20:71,000 - INFO - Generating embeddings for 187 text chunks
2024-01-20 17:20:72,000 - INFO - Embeddings generation completed (1.5s)
2024-01-20 17:20:73,000 - INFO - Starting NLI classification for claim-evidence relationships
2024-01-20 17:20:74,000 - INFO - NLI classification completed: 18 supports, 22 refutes, 9 mixed
2024-01-20 17:20:75,000 - INFO - Calculating evidence quality scores
2024-01-20 17:20:76,000 - INFO - Quality scoring completed for 49 evidence items
2024-01-20 17:20:77,000 - INFO - Starting evidence deduplication
2024-01-20 17:20:78,000 - INFO - Deduplication completed: 49 -> 42 unique evidence items
2024-01-20 17:20:79,000 - INFO - Starting evidence reranking
2024-01-20 17:20:80,000 - INFO - Reranking completed using BGE-reranker-v2-m3
2024-01-20 17:20:81,000 - INFO - Evidence processing pipeline completed (25.0s)
2024-01-20 17:20:82,000 - INFO - Caching retrieval results for future requests
2024-01-20 17:20:83,000 - INFO - Retrieval request completed successfully (50.0s)
2024-01-20 17:20:84,000 - INFO - Returning 15 evidence items with relevance scores >= 0.6

2024-01-20 18:00:00,000 - INFO - Starting scheduled performance metrics collection
2024-01-20 18:00:01,000 - INFO - Collecting retrieval latency metrics
2024-01-20 18:00:02,000 - INFO - Average retrieval latency: 42.3 seconds
2024-01-20 18:00:03,000 - INFO - Collecting cache hit rate metrics
2024-01-20 18:00:04,000 - INFO - Cache hit rate: 23.4%
2024-01-20 18:00:05,000 - INFO - Collecting source coverage metrics
2024-01-20 18:00:06,000 - INFO - Source coverage: fact_check=35%, academic=40%, government=15%, news=10%
2024-01-20 18:00:07,000 - INFO - Collecting quality score metrics
2024-01-20 18:00:08,000 - INFO - Average quality scores: relevance=0.72, freshness=0.68, source=0.81, factuality=0.75
2024-01-20 18:00:09,000 - INFO - Performance metrics collection completed (9.0s)

2024-01-20 19:00:00,000 - INFO - Starting scheduled system health check
2024-01-20 19:00:01,000 - INFO - Checking database connections
2024-01-20 19:00:02,000 - INFO - PostgreSQL connection: OK
2024-01-20 19:00:03,000 - INFO - Redis connection: OK
2024-01-20 19:00:04,000 - INFO - Checking ML model status
2024-01-20 19:00:05,000 - INFO - Embeddings model: OK
2024-01-20 19:00:06,000 - INFO - Reranker model: OK
2024-01-20 19:00:07,000 - INFO - NLI model: OK
2024-01-20 19:00:08,000 - INFO - Chunking model: OK
2024-01-20 19:00:09,000 - INFO - Checking external API connections
2024-01-20 19:00:10,000 - INFO - PIB API: OK
2024-01-20 19:00:11,000 - INFO - PolitiFact API: OK
2024-01-20 19:00:12,000 - INFO - BOOM API: OK
2024-01-20 19:00:13,000 - INFO - Wikipedia API: OK
2024-01-20 19:00:14,000 - INFO - News API: OK
2024-01-20 19:00:15,000 - INFO - System health check completed: All systems operational (15.0s)

2024-01-20 20:00:00,000 - INFO - Starting scheduled log rotation
2024-01-20 20:00:01,000 - INFO - Rotating log files older than 7 days
2024-01-20 20:00:02,000 - INFO - Compressing old log files
2024-01-20 20:00:03,000 - INFO - Log rotation completed (3.0s)

2024-01-20 21:00:00,000 - INFO - Starting scheduled backup job
2024-01-20 21:00:01,000 - INFO - Backing up evidence database
2024-01-20 21:00:02,000 - INFO - Backing up vector embeddings
2024-01-20 21:00:03,000 - INFO - Backing up cache data
2024-01-20 21:00:04,000 - INFO - Backup job completed successfully (4.0s)

2024-01-20 22:00:00,000 - INFO - Starting scheduled cleanup job
2024-01-20 22:00:01,000 - INFO - Cleaning up temporary files
2024-01-20 22:00:02,000 - INFO - Cleaning up old cache entries
2024-01-20 22:00:03,000 - INFO - Cleanup job completed (3.0s)

2024-01-20 23:00:00,000 - INFO - Starting scheduled system shutdown
2024-01-20 23:00:01,000 - INFO - Gracefully shutting down FastAPI server
2024-01-20 23:00:02,000 - INFO - Closing database connections
2024-01-20 23:00:03,000 - INFO - Unloading ML models
2024-01-20 23:00:04,000 - INFO - System shutdown completed successfully
